2025-12-04 08:29:01 INFO  [SpringApplicationShutdownHook] user= - Commencing graceful shutdown. Waiting for active requests to complete
2025-12-04 08:29:01 INFO  [tomcat-shutdown] user= - Graceful shutdown complete
2025-12-04 08:29:01 INFO  [SpringApplicationShutdownHook] user= - Closing JPA EntityManagerFactory for persistence unit 'default'
2025-12-04 08:29:04 INFO  [restartedMain] user= - Starting AppApplication using Java 17.0.17 with PID 94844 (/Users/lairespereira/Documents/Faculdade/P5/Klelver/quizz-app-backend/target/classes started by lairespereira in /Users/lairespereira/Documents/Faculdade/P5/Klelver/quizz-app-backend)
2025-12-04 08:29:04 INFO  [restartedMain] user= - No active profile set, falling back to 1 default profile: "default"
2025-12-04 08:29:12 INFO  [restartedMain] user= - Started AppApplication in 8.267 seconds (process running for 8.636)
2025-12-04 08:29:37 INFO  [http-nio-0.0.0.0-8080-exec-1] user= - User asdasda solicitou para iniciar o quizz 3V1VYYY7CTUCLLWV5
2025-12-04 08:29:40 INFO  [http-nio-0.0.0.0-8080-exec-1] user= - Cadastrando participante asdasda no quizz 3V1VYYY7CTUCLLWV5
2025-12-04 08:29:43 INFO  [http-nio-0.0.0.0-8080-exec-1] user= - Quizz f6657410-e115-48a5-8d9c-06a6717a8b8d iniciado para o participante f55bc0c7-f076-4ff6-abcb-8e7abfc364f6
2025-12-04 08:30:31 INFO  [http-nio-0.0.0.0-8080-exec-3] user= - User asdasd solicitou para iniciar o quizz 3V1VYYY7CTUCLLWV5d
2025-12-04 08:30:31 ERROR [http-nio-0.0.0.0-8080-exec-3] user= - Quizz 3V1VYYY7CTUCLLWV5d não encontrado para o usuário asdasd
2025-12-04 08:30:57 INFO  [restartedMain] user= - Starting AppApplication using Java 17.0.17 with PID 95144 (/Users/lairespereira/Documents/Faculdade/P5/Klelver/quizz-app-backend/target/classes started by lairespereira in /Users/lairespereira/Documents/Faculdade/P5/Klelver/quizz-app-backend)
2025-12-04 08:30:57 INFO  [restartedMain] user= - No active profile set, falling back to 1 default profile: "default"
2025-12-04 08:31:05 INFO  [restartedMain] user= - Started AppApplication in 8.524 seconds (process running for 8.83)
2025-12-04 08:31:07 INFO  [http-nio-0.0.0.0-8080-exec-1] user= - User asdasd solicitou para iniciar o quizz 3V1VYYY7CTUCLLWV5d
2025-12-04 08:31:07 WARN  [http-nio-0.0.0.0-8080-exec-1] user= - Quizz 3V1VYYY7CTUCLLWV5d não encontrado para o usuário asdasd
2025-12-04 08:36:19 INFO  [http-nio-0.0.0.0-8080-exec-7] user= - User teste solicitou para iniciar o quizz QFJHN8QW17SC8AKU7
2025-12-04 08:36:22 ERROR [http-nio-0.0.0.0-8080-exec-7] user= - Não foi encontrado nenhum participante no quizz teste, QFJHN8QW17SC8AKU7
2025-12-04 08:40:23 INFO  [restartedMain] user= - Starting AppApplication using Java 17.0.17 with PID 96954 (/Users/lairespereira/Documents/Faculdade/P5/Klelver/quizz-app-backend/target/classes started by lairespereira in /Users/lairespereira/Documents/Faculdade/P5/Klelver/quizz-app-backend)
2025-12-04 08:40:23 INFO  [restartedMain] user= - No active profile set, falling back to 1 default profile: "default"
2025-12-04 08:40:31 INFO  [restartedMain] user= - Started AppApplication in 8.403 seconds (process running for 8.695)
2025-12-04 08:40:44 INFO  [http-nio-0.0.0.0-8080-exec-1] user= - User teste solicitou para iniciar o quizz KQYU1OMNV11PEJ7NI
2025-12-04 08:40:48 INFO  [http-nio-0.0.0.0-8080-exec-1] user= - Cadastrando participante teste no quizz KQYU1OMNV11PEJ7NI
2025-12-04 08:40:49 INFO  [http-nio-0.0.0.0-8080-exec-1] user= - Quizz KQYU1OMNV11PEJ7NI iniciado para o participante teste
2025-12-04 08:43:19 INFO  [restartedMain] user= - Starting AppApplication using Java 17.0.17 with PID 97414 (/Users/lairespereira/Documents/Faculdade/P5/Klelver/quizz-app-backend/target/classes started by lairespereira in /Users/lairespereira/Documents/Faculdade/P5/Klelver/quizz-app-backend)
2025-12-04 08:43:19 INFO  [restartedMain] user= - No active profile set, falling back to 1 default profile: "default"
2025-12-04 08:43:27 INFO  [restartedMain] user= - Started AppApplication in 8.489 seconds (process running for 8.786)
2025-12-04 08:45:30 INFO  [restartedMain] user= - Starting AppApplication using Java 17.0.17 with PID 97414 (/Users/lairespereira/Documents/Faculdade/P5/Klelver/quizz-app-backend/target/classes started by lairespereira in /Users/lairespereira/Documents/Faculdade/P5/Klelver/quizz-app-backend)
2025-12-04 08:45:30 INFO  [restartedMain] user= - No active profile set, falling back to 1 default profile: "default"
2025-12-04 08:45:37 INFO  [restartedMain] user= - Started AppApplication in 6.412 seconds (process running for 138.368)
2025-12-04 08:45:39 INFO  [restartedMain] user= - Starting AppApplication using Java 17.0.17 with PID 97414 (/Users/lairespereira/Documents/Faculdade/P5/Klelver/quizz-app-backend/target/classes started by lairespereira in /Users/lairespereira/Documents/Faculdade/P5/Klelver/quizz-app-backend)
2025-12-04 08:45:39 INFO  [restartedMain] user= - No active profile set, falling back to 1 default profile: "default"
2025-12-04 08:45:45 INFO  [restartedMain] user= - Started AppApplication in 5.891 seconds (process running for 146.759)
2025-12-04 08:47:42 INFO  [restartedMain] user= - Starting AppApplication using Java 17.0.17 with PID 97414 (/Users/lairespereira/Documents/Faculdade/P5/Klelver/quizz-app-backend/target/classes started by lairespereira in /Users/lairespereira/Documents/Faculdade/P5/Klelver/quizz-app-backend)
2025-12-04 08:47:42 INFO  [restartedMain] user= - No active profile set, falling back to 1 default profile: "default"
2025-12-04 08:47:48 INFO  [restartedMain] user= - Started AppApplication in 6.17 seconds (process running for 270.0)
2025-12-04 14:30:30 INFO  [restartedMain] user= - Starting AppApplication using Java 17.0.17 with PID 97414 (/Users/lairespereira/Documents/Faculdade/P5/Klelver/quizz-app-backend/target/classes started by lairespereira in /Users/lairespereira/Documents/Faculdade/P5/Klelver/quizz-app-backend)
2025-12-04 14:30:30 INFO  [restartedMain] user= - No active profile set, falling back to 1 default profile: "default"
2025-12-04 14:30:38 INFO  [restartedMain] user= - Started AppApplication in 7.806 seconds (process running for 6616.538)
2025-12-04 14:30:41 INFO  [restartedMain] user= - Starting AppApplication using Java 17.0.17 with PID 97414 (/Users/lairespereira/Documents/Faculdade/P5/Klelver/quizz-app-backend/target/classes started by lairespereira in /Users/lairespereira/Documents/Faculdade/P5/Klelver/quizz-app-backend)
2025-12-04 14:30:41 INFO  [restartedMain] user= - No active profile set, falling back to 1 default profile: "default"
2025-12-04 14:30:47 INFO  [restartedMain] user= - Started AppApplication in 6.378 seconds (process running for 6625.53)
2025-12-04 14:31:15 INFO  [restartedMain] user= - Starting AppApplication using Java 17.0.17 with PID 97414 (/Users/lairespereira/Documents/Faculdade/P5/Klelver/quizz-app-backend/target/classes started by lairespereira in /Users/lairespereira/Documents/Faculdade/P5/Klelver/quizz-app-backend)
2025-12-04 14:31:15 INFO  [restartedMain] user= - No active profile set, falling back to 1 default profile: "default"
2025-12-04 14:31:22 INFO  [restartedMain] user= - Started AppApplication in 6.792 seconds (process running for 6660.475)
2025-12-04 14:31:25 INFO  [restartedMain] user= - Starting AppApplication using Java 17.0.17 with PID 97414 (/Users/lairespereira/Documents/Faculdade/P5/Klelver/quizz-app-backend/target/classes started by lairespereira in /Users/lairespereira/Documents/Faculdade/P5/Klelver/quizz-app-backend)
2025-12-04 14:31:25 INFO  [restartedMain] user= - No active profile set, falling back to 1 default profile: "default"
2025-12-04 14:31:31 INFO  [restartedMain] user= - Started AppApplication in 6.466 seconds (process running for 6669.447)
2025-12-04 14:31:52 INFO  [http-nio-0.0.0.0-8080-exec-2] user= - Login request for user: lairespsoares@gmail.com
2025-12-04 14:31:56 INFO  [http-nio-0.0.0.0-8080-exec-2] user= - Login successful for user: lairespsoares@gmail.com
2025-12-04 14:32:00 INFO  [http-nio-0.0.0.0-8080-exec-8] user=lairespsoares@gmail.com - [FIND_ALL] Buscando todos os quizzes do usuário: 8dac61af-f84d-40cf-9557-8ae50a51df92
2025-12-04 14:32:13 INFO  [restartedMain] user= - Starting AppApplication using Java 17.0.17 with PID 15996 (/Users/lairespereira/Documents/Faculdade/P5/Klelver/quizz-app-backend/target/classes started by lairespereira in /Users/lairespereira/Documents/Faculdade/P5/Klelver/quizz-app-backend)
2025-12-04 14:32:13 INFO  [restartedMain] user= - No active profile set, falling back to 1 default profile: "default"
2025-12-04 14:32:21 INFO  [restartedMain] user= - Started AppApplication in 8.995 seconds (process running for 9.394)
2025-12-04 14:32:29 INFO  [http-nio-0.0.0.0-8080-exec-1] user=lairespsoares@gmail.com - [FIND_ALL] Buscando todos os quizzes do usuário: 8dac61af-f84d-40cf-9557-8ae50a51df92
2025-12-04 14:33:55 INFO  [http-nio-0.0.0.0-8080-exec-9] user=lairespsoares@gmail.com - [SAVE] Salvando quizz: CreateQuizzDTO(title=tes, description=teste, maxScore=100.0, isMobileAllowed=false, allowUserSeeResults=false, allowDuplicateEmailOnQuizz=false, questions=[QuestionDTO(id=95ba5a5e-57a2-4528-9214-d597ec54dab3, content=teste, answers=[AnswerDTO(content=teste, isCorrect=true)])])
2025-12-04 14:36:42 INFO  [restartedMain] user= - Starting AppApplication using Java 17.0.17 with PID 15996 (/Users/lairespereira/Documents/Faculdade/P5/Klelver/quizz-app-backend/target/classes started by lairespereira in /Users/lairespereira/Documents/Faculdade/P5/Klelver/quizz-app-backend)
2025-12-04 14:36:42 INFO  [restartedMain] user= - No active profile set, falling back to 1 default profile: "default"
2025-12-04 14:36:49 INFO  [restartedMain] user= - Started AppApplication in 6.658 seconds (process running for 276.99)
2025-12-04 14:36:51 INFO  [restartedMain] user= - Starting AppApplication using Java 17.0.17 with PID 15996 (/Users/lairespereira/Documents/Faculdade/P5/Klelver/quizz-app-backend/target/classes started by lairespereira in /Users/lairespereira/Documents/Faculdade/P5/Klelver/quizz-app-backend)
2025-12-04 14:36:51 INFO  [restartedMain] user= - No active profile set, falling back to 1 default profile: "default"
2025-12-04 14:36:58 INFO  [restartedMain] user= - Started AppApplication in 6.321 seconds (process running for 285.829)
2025-12-04 14:48:16 INFO  [restartedMain] user= - Starting AppApplication using Java 17.0.17 with PID 18485 (/Users/lairespereira/Documents/Faculdade/P5/Klelver/quizz-app-backend/target/classes started by lairespereira in /Users/lairespereira/Documents/Faculdade/P5/Klelver/quizz-app-backend)
2025-12-04 14:48:16 INFO  [restartedMain] user= - No active profile set, falling back to 1 default profile: "default"
2025-12-04 14:48:16 INFO  [restartedMain] user= - Devtools property defaults active! Set 'spring.devtools.add-properties' to 'false' to disable
2025-12-04 14:48:16 INFO  [restartedMain] user= - For additional web related logging consider setting the 'logging.level.web' property to 'DEBUG'
2025-12-04 14:48:16 INFO  [restartedMain] user= - Bootstrapping Spring Data JPA repositories in DEFAULT mode.
2025-12-04 14:48:16 INFO  [restartedMain] user= - Finished Spring Data repository scanning in 26 ms. Found 5 JPA repository interfaces.
2025-12-04 14:48:16 INFO  [restartedMain] user= - Tomcat initialized with port 8080 (http)
2025-12-04 14:48:17 INFO  [restartedMain] user= - Root WebApplicationContext: initialization completed in 801 ms
2025-12-04 14:48:17 INFO  [restartedMain] user= - No LoadTimeWeaver setup: ignoring JPA class transformer
2025-12-04 14:48:23 INFO  [restartedMain] user= - Initialized JPA EntityManagerFactory for persistence unit 'default'
2025-12-04 14:48:24 INFO  [restartedMain] user= - Global AuthenticationManager configured with UserDetailsService bean with name authorizationService
2025-12-04 14:48:24 INFO  [restartedMain] user= - Hibernate is in classpath; If applicable, HQL parser will be used.
2025-12-04 14:48:24 WARN  [restartedMain] user= - spring.jpa.open-in-view is enabled by default. Therefore, database queries may be performed during view rendering. Explicitly configure spring.jpa.open-in-view to disable this warning
2025-12-04 14:48:24 INFO  [restartedMain] user= - LiveReload server is running on port 35729
2025-12-04 14:48:24 INFO  [restartedMain] user= - Tomcat started on port 8080 (http) with context path '/'
2025-12-04 14:48:24 INFO  [restartedMain] user= - Started AppApplication in 8.46 seconds (process running for 8.838)
2025-12-04 14:51:03 INFO  [http-nio-0.0.0.0-8080-exec-2] user= - Initializing Servlet 'dispatcherServlet'
2025-12-04 14:51:03 INFO  [http-nio-0.0.0.0-8080-exec-2] user= - Completed initialization in 4 ms
2025-12-04 14:51:07 INFO  [http-nio-0.0.0.0-8080-exec-2] user=lairespsoares@gmail.com - [FIND_ALL] Buscando todos os quizzes do usuário: 8dac61af-f84d-40cf-9557-8ae50a51df92
2025-12-04 14:51:14 INFO  [http-nio-0.0.0.0-8080-exec-5] user=lairespsoares@gmail.com - [FIND_ALL] Buscando todos os quizzes do usuário: 8dac61af-f84d-40cf-9557-8ae50a51df92
2025-12-04 14:51:21 WARN  [http-nio-0.0.0.0-8080-exec-8] user=lairespsoares@gmail.com - Resolved [org.springframework.web.servlet.resource.NoResourceFoundException: No static resource quizz/toggle-status.]
2025-12-04 14:57:26 WARN  [http-nio-0.0.0.0-8080-exec-3] user=lairespsoares@gmail.com - Resolved [org.springframework.web.servlet.resource.NoResourceFoundException: No static resource quizz/toggle-status.]
2025-12-04 14:58:03 INFO  [SpringApplicationShutdownHook] user= - Commencing graceful shutdown. Waiting for active requests to complete
2025-12-04 14:58:03 INFO  [tomcat-shutdown] user= - Graceful shutdown complete
2025-12-04 14:58:03 INFO  [SpringApplicationShutdownHook] user= - Closing JPA EntityManagerFactory for persistence unit 'default'
2025-12-04 14:58:08 INFO  [restartedMain] user= - Starting AppApplication using Java 17.0.17 with PID 20156 (/Users/lairespereira/Documents/Faculdade/P5/Klelver/quizz-app-backend/target/classes started by lairespereira in /Users/lairespereira/Documents/Faculdade/P5/Klelver/quizz-app-backend)
2025-12-04 14:58:08 INFO  [restartedMain] user= - No active profile set, falling back to 1 default profile: "default"
2025-12-04 14:58:08 INFO  [restartedMain] user= - Devtools property defaults active! Set 'spring.devtools.add-properties' to 'false' to disable
2025-12-04 14:58:08 INFO  [restartedMain] user= - For additional web related logging consider setting the 'logging.level.web' property to 'DEBUG'
2025-12-04 14:58:09 INFO  [restartedMain] user= - Bootstrapping Spring Data JPA repositories in DEFAULT mode.
2025-12-04 14:58:09 INFO  [restartedMain] user= - Finished Spring Data repository scanning in 47 ms. Found 5 JPA repository interfaces.
2025-12-04 14:58:09 INFO  [restartedMain] user= - Tomcat initialized with port 8080 (http)
2025-12-04 14:58:09 INFO  [restartedMain] user= - Root WebApplicationContext: initialization completed in 1488 ms
2025-12-04 14:58:10 INFO  [restartedMain] user= - No LoadTimeWeaver setup: ignoring JPA class transformer
2025-12-04 14:58:16 INFO  [restartedMain] user= - Initialized JPA EntityManagerFactory for persistence unit 'default'
2025-12-04 14:58:17 INFO  [restartedMain] user= - Global AuthenticationManager configured with UserDetailsService bean with name authorizationService
2025-12-04 14:58:17 INFO  [restartedMain] user= - Hibernate is in classpath; If applicable, HQL parser will be used.
2025-12-04 14:58:17 WARN  [restartedMain] user= - spring.jpa.open-in-view is enabled by default. Therefore, database queries may be performed during view rendering. Explicitly configure spring.jpa.open-in-view to disable this warning
2025-12-04 14:58:17 INFO  [restartedMain] user= - LiveReload server is running on port 35729
2025-12-04 14:58:17 INFO  [restartedMain] user= - Tomcat started on port 8080 (http) with context path '/'
2025-12-04 14:58:17 INFO  [restartedMain] user= - Started AppApplication in 9.774 seconds (process running for 10.15)
2025-12-04 14:58:24 INFO  [http-nio-0.0.0.0-8080-exec-1] user= - Initializing Servlet 'dispatcherServlet'
2025-12-04 14:58:24 INFO  [http-nio-0.0.0.0-8080-exec-1] user= - Completed initialization in 5 ms
2025-12-04 14:58:27 INFO  [http-nio-0.0.0.0-8080-exec-2] user=lairespsoares@gmail.com - [TOGGLE_STATUS] Togglando status do quizz: 3V1VYYY7CTUCLLWV5
2025-12-04 14:58:49 INFO  [http-nio-0.0.0.0-8080-exec-6] user=lairespsoares@gmail.com - [FIND_ALL] Buscando todos os quizzes do usuário: 8dac61af-f84d-40cf-9557-8ae50a51df92
2025-12-05 14:47:34 INFO  [restartedMain] user= - Starting AppApplication using Java 17.0.17 with PID 9770 (/Users/lairespereira/Documents/Faculdade/P5/Klelver/quizz-app-backend/target/classes started by lairespereira in /Users/lairespereira/Documents/Faculdade/P5/Klelver/quizz-app-backend)
2025-12-05 14:47:34 INFO  [restartedMain] user= - No active profile set, falling back to 1 default profile: "default"
2025-12-05 14:47:35 INFO  [restartedMain] user= - Devtools property defaults active! Set 'spring.devtools.add-properties' to 'false' to disable
2025-12-05 14:47:35 INFO  [restartedMain] user= - For additional web related logging consider setting the 'logging.level.web' property to 'DEBUG'
2025-12-05 14:47:35 INFO  [restartedMain] user= - Bootstrapping Spring Data JPA repositories in DEFAULT mode.
2025-12-05 14:47:35 INFO  [restartedMain] user= - Finished Spring Data repository scanning in 23 ms. Found 5 JPA repository interfaces.
2025-12-05 14:47:35 INFO  [restartedMain] user= - Tomcat initialized with port 8080 (http)
2025-12-05 14:47:35 INFO  [restartedMain] user= - Root WebApplicationContext: initialization completed in 714 ms
2025-12-05 14:47:35 INFO  [restartedMain] user= - No LoadTimeWeaver setup: ignoring JPA class transformer
2025-12-05 14:47:41 INFO  [restartedMain] user= - Starting AppApplication using Java 17.0.17 with PID 9797 (/Users/lairespereira/Documents/Faculdade/P5/Klelver/quizz-app-backend/target/classes started by lairespereira in /Users/lairespereira/Documents/Faculdade/P5/Klelver/quizz-app-backend)
2025-12-05 14:47:41 INFO  [restartedMain] user= - No active profile set, falling back to 1 default profile: "default"
2025-12-05 14:47:41 INFO  [restartedMain] user= - Devtools property defaults active! Set 'spring.devtools.add-properties' to 'false' to disable
2025-12-05 14:47:41 INFO  [restartedMain] user= - For additional web related logging consider setting the 'logging.level.web' property to 'DEBUG'
2025-12-05 14:47:41 INFO  [restartedMain] user= - Bootstrapping Spring Data JPA repositories in DEFAULT mode.
2025-12-05 14:47:41 INFO  [restartedMain] user= - Finished Spring Data repository scanning in 23 ms. Found 5 JPA repository interfaces.
2025-12-05 14:47:42 INFO  [restartedMain] user= - Tomcat initialized with port 8080 (http)
2025-12-05 14:47:42 INFO  [restartedMain] user= - Root WebApplicationContext: initialization completed in 770 ms
2025-12-05 14:47:42 INFO  [restartedMain] user= - No LoadTimeWeaver setup: ignoring JPA class transformer
2025-12-05 14:47:48 INFO  [restartedMain] user= - Initialized JPA EntityManagerFactory for persistence unit 'default'
2025-12-05 14:47:48 INFO  [restartedMain] user= - Global AuthenticationManager configured with UserDetailsService bean with name authorizationService
2025-12-05 14:47:48 INFO  [restartedMain] user= - Hibernate is in classpath; If applicable, HQL parser will be used.
2025-12-05 14:47:49 WARN  [restartedMain] user= - spring.jpa.open-in-view is enabled by default. Therefore, database queries may be performed during view rendering. Explicitly configure spring.jpa.open-in-view to disable this warning
2025-12-05 14:47:49 INFO  [restartedMain] user= - LiveReload server is running on port 35729
2025-12-05 14:47:49 INFO  [restartedMain] user= - Tomcat started on port 8080 (http) with context path '/'
2025-12-05 14:47:49 INFO  [restartedMain] user= - Started AppApplication in 8.315 seconds (process running for 8.524)
2025-12-05 14:47:54 INFO  [http-nio-0.0.0.0-8080-exec-1] user= - Initializing Servlet 'dispatcherServlet'
2025-12-05 14:47:54 INFO  [http-nio-0.0.0.0-8080-exec-1] user= - Completed initialization in 2 ms
2025-12-05 14:47:58 ERROR [http-nio-0.0.0.0-8080-exec-1] user=lairespsoares@gmail.com - [GENERATE_ALTERNATIVES] Erro ao gerar alternativas para a pergunta: O Grafana é uma ferramenta utilizada para:
com.google.genai.errors.ClientException: 400 Bad Request. API key expired. Please renew the API key.
	at com.google.genai.errors.ApiException.throwFromResponse(ApiException.java:63)
	at com.google.genai.HttpApiResponse.getEntity(HttpApiResponse.java:39)
	at com.google.genai.Models.privateGenerateContent(Models.java:5420)
	at com.google.genai.Models.generateContent(Models.java:6282)
	at com.google.genai.Models.generateContent(Models.java:6356)
	at com.quizz.app.services.GeminiServices.sendPrompt(GeminiServices.java:33)
	at com.quizz.app.services.GeminiServices.generateAlternativesWithAi(GeminiServices.java:62)
	at com.quizz.app.controllers.QuestionsController.generateAlternativesWithAi(QuestionsController.java:23)
	at java.base/jdk.internal.reflect.NativeMethodAccessorImpl.invoke0(Native Method)
	at java.base/jdk.internal.reflect.NativeMethodAccessorImpl.invoke(NativeMethodAccessorImpl.java:77)
	at java.base/jdk.internal.reflect.DelegatingMethodAccessorImpl.invoke(DelegatingMethodAccessorImpl.java:43)
	at java.base/java.lang.reflect.Method.invoke(Method.java:569)
	at org.springframework.web.method.support.InvocableHandlerMethod.doInvoke(InvocableHandlerMethod.java:258)
	at org.springframework.web.method.support.InvocableHandlerMethod.invokeForRequest(InvocableHandlerMethod.java:191)
	at org.springframework.web.servlet.mvc.method.annotation.ServletInvocableHandlerMethod.invokeAndHandle(ServletInvocableHandlerMethod.java:118)
	at org.springframework.web.servlet.mvc.method.annotation.RequestMappingHandlerAdapter.invokeHandlerMethod(RequestMappingHandlerAdapter.java:991)
	at org.springframework.web.servlet.mvc.method.annotation.RequestMappingHandlerAdapter.handleInternal(RequestMappingHandlerAdapter.java:896)
	at org.springframework.web.servlet.mvc.method.AbstractHandlerMethodAdapter.handle(AbstractHandlerMethodAdapter.java:87)
	at org.springframework.web.servlet.DispatcherServlet.doDispatch(DispatcherServlet.java:1089)
	at org.springframework.web.servlet.DispatcherServlet.doService(DispatcherServlet.java:979)
	at org.springframework.web.servlet.FrameworkServlet.processRequest(FrameworkServlet.java:1014)
	at org.springframework.web.servlet.FrameworkServlet.doGet(FrameworkServlet.java:903)
	at jakarta.servlet.http.HttpServlet.service(HttpServlet.java:564)
	at org.springframework.web.servlet.FrameworkServlet.service(FrameworkServlet.java:885)
	at jakarta.servlet.http.HttpServlet.service(HttpServlet.java:658)
	at org.apache.catalina.core.ApplicationFilterChain.internalDoFilter(ApplicationFilterChain.java:195)
	at org.apache.catalina.core.ApplicationFilterChain.doFilter(ApplicationFilterChain.java:140)
	at org.apache.tomcat.websocket.server.WsFilter.doFilter(WsFilter.java:51)
	at org.apache.catalina.core.ApplicationFilterChain.internalDoFilter(ApplicationFilterChain.java:164)
	at org.apache.catalina.core.ApplicationFilterChain.doFilter(ApplicationFilterChain.java:140)
	at org.springframework.web.filter.OncePerRequestFilter.doFilter(OncePerRequestFilter.java:110)
	at org.apache.catalina.core.ApplicationFilterChain.internalDoFilter(ApplicationFilterChain.java:164)
	at org.apache.catalina.core.ApplicationFilterChain.doFilter(ApplicationFilterChain.java:140)
	at org.springframework.web.filter.CompositeFilter$VirtualFilterChain.doFilter(CompositeFilter.java:108)
	at org.springframework.web.filter.CompositeFilter$VirtualFilterChain.doFilter(CompositeFilter.java:108)
	at org.springframework.security.web.FilterChainProxy.lambda$doFilterInternal$3(FilterChainProxy.java:231)
	at org.springframework.security.web.FilterChainProxy$VirtualFilterChain.doFilter(FilterChainProxy.java:365)
	at org.springframework.security.web.access.intercept.AuthorizationFilter.doFilter(AuthorizationFilter.java:101)
	at org.springframework.security.web.FilterChainProxy$VirtualFilterChain.doFilter(FilterChainProxy.java:374)
	at org.springframework.security.web.access.ExceptionTranslationFilter.doFilter(ExceptionTranslationFilter.java:125)
	at org.springframework.security.web.access.ExceptionTranslationFilter.doFilter(ExceptionTranslationFilter.java:119)
	at org.springframework.security.web.FilterChainProxy$VirtualFilterChain.doFilter(FilterChainProxy.java:374)
	at org.springframework.security.web.session.SessionManagementFilter.doFilter(SessionManagementFilter.java:131)
	at org.springframework.security.web.session.SessionManagementFilter.doFilter(SessionManagementFilter.java:85)
	at org.springframework.security.web.FilterChainProxy$VirtualFilterChain.doFilter(FilterChainProxy.java:374)
	at org.springframework.security.web.authentication.AnonymousAuthenticationFilter.doFilter(AnonymousAuthenticationFilter.java:100)
	at org.springframework.security.web.FilterChainProxy$VirtualFilterChain.doFilter(FilterChainProxy.java:374)
	at org.springframework.security.web.servletapi.SecurityContextHolderAwareRequestFilter.doFilter(SecurityContextHolderAwareRequestFilter.java:179)
	at org.springframework.security.web.FilterChainProxy$VirtualFilterChain.doFilter(FilterChainProxy.java:374)
	at org.springframework.security.web.savedrequest.RequestCacheAwareFilter.doFilter(RequestCacheAwareFilter.java:63)
	at org.springframework.security.web.FilterChainProxy$VirtualFilterChain.doFilter(FilterChainProxy.java:374)
	at com.quizz.app.config.SecurityFilter.doFilterInternal(SecurityFilter.java:48)
	at org.springframework.web.filter.OncePerRequestFilter.doFilter(OncePerRequestFilter.java:116)
	at org.springframework.security.web.FilterChainProxy$VirtualFilterChain.doFilter(FilterChainProxy.java:374)
	at org.springframework.security.web.authentication.logout.LogoutFilter.doFilter(LogoutFilter.java:107)
	at org.springframework.security.web.authentication.logout.LogoutFilter.doFilter(LogoutFilter.java:93)
	at org.springframework.security.web.FilterChainProxy$VirtualFilterChain.doFilter(FilterChainProxy.java:374)
	at org.springframework.web.filter.CorsFilter.doFilterInternal(CorsFilter.java:91)
	at org.springframework.web.filter.OncePerRequestFilter.doFilter(OncePerRequestFilter.java:116)
	at org.springframework.security.web.FilterChainProxy$VirtualFilterChain.doFilter(FilterChainProxy.java:374)
	at org.springframework.security.web.header.HeaderWriterFilter.doHeadersAfter(HeaderWriterFilter.java:90)
	at org.springframework.security.web.header.HeaderWriterFilter.doFilterInternal(HeaderWriterFilter.java:75)
	at org.springframework.web.filter.OncePerRequestFilter.doFilter(OncePerRequestFilter.java:116)
	at org.springframework.security.web.FilterChainProxy$VirtualFilterChain.doFilter(FilterChainProxy.java:374)
	at org.springframework.security.web.context.SecurityContextHolderFilter.doFilter(SecurityContextHolderFilter.java:82)
	at org.springframework.security.web.context.SecurityContextHolderFilter.doFilter(SecurityContextHolderFilter.java:69)
	at org.springframework.security.web.FilterChainProxy$VirtualFilterChain.doFilter(FilterChainProxy.java:374)
	at org.springframework.security.web.context.request.async.WebAsyncManagerIntegrationFilter.doFilterInternal(WebAsyncManagerIntegrationFilter.java:62)
	at org.springframework.web.filter.OncePerRequestFilter.doFilter(OncePerRequestFilter.java:116)
	at org.springframework.security.web.FilterChainProxy$VirtualFilterChain.doFilter(FilterChainProxy.java:374)
	at org.springframework.security.web.session.DisableEncodeUrlFilter.doFilterInternal(DisableEncodeUrlFilter.java:42)
	at org.springframework.web.filter.OncePerRequestFilter.doFilter(OncePerRequestFilter.java:116)
	at org.springframework.security.web.FilterChainProxy$VirtualFilterChain.doFilter(FilterChainProxy.java:374)
	at org.springframework.security.web.FilterChainProxy.doFilterInternal(FilterChainProxy.java:233)
	at org.springframework.security.web.FilterChainProxy.doFilter(FilterChainProxy.java:191)
	at org.springframework.web.filter.CompositeFilter$VirtualFilterChain.doFilter(CompositeFilter.java:113)
	at org.springframework.web.filter.ServletRequestPathFilter.doFilter(ServletRequestPathFilter.java:52)
	at org.springframework.web.filter.CompositeFilter$VirtualFilterChain.doFilter(CompositeFilter.java:113)
	at org.springframework.web.filter.CompositeFilter.doFilter(CompositeFilter.java:74)
	at org.springframework.security.config.annotation.web.configuration.WebSecurityConfiguration$CompositeFilterChainProxy.doFilter(WebSecurityConfiguration.java:319)
	at org.springframework.web.filter.CompositeFilter$VirtualFilterChain.doFilter(CompositeFilter.java:113)
	at org.springframework.web.servlet.handler.HandlerMappingIntrospector.lambda$createCacheFilter$4(HandlerMappingIntrospector.java:267)
	at org.springframework.web.filter.CompositeFilter$VirtualFilterChain.doFilter(CompositeFilter.java:113)
	at org.springframework.web.filter.CompositeFilter.doFilter(CompositeFilter.java:74)
	at org.springframework.security.config.annotation.web.configuration.WebMvcSecurityConfiguration$CompositeFilterChainProxy.doFilter(WebMvcSecurityConfiguration.java:240)
	at org.springframework.web.filter.DelegatingFilterProxy.invokeDelegate(DelegatingFilterProxy.java:362)
	at org.springframework.web.filter.DelegatingFilterProxy.doFilter(DelegatingFilterProxy.java:278)
	at org.apache.catalina.core.ApplicationFilterChain.internalDoFilter(ApplicationFilterChain.java:164)
	at org.apache.catalina.core.ApplicationFilterChain.doFilter(ApplicationFilterChain.java:140)
	at org.springframework.web.filter.RequestContextFilter.doFilterInternal(RequestContextFilter.java:100)
	at org.springframework.web.filter.OncePerRequestFilter.doFilter(OncePerRequestFilter.java:116)
	at org.apache.catalina.core.ApplicationFilterChain.internalDoFilter(ApplicationFilterChain.java:164)
	at org.apache.catalina.core.ApplicationFilterChain.doFilter(ApplicationFilterChain.java:140)
	at org.springframework.web.filter.FormContentFilter.doFilterInternal(FormContentFilter.java:93)
	at org.springframework.web.filter.OncePerRequestFilter.doFilter(OncePerRequestFilter.java:116)
	at org.apache.catalina.core.ApplicationFilterChain.internalDoFilter(ApplicationFilterChain.java:164)
	at org.apache.catalina.core.ApplicationFilterChain.doFilter(ApplicationFilterChain.java:140)
	at org.springframework.web.filter.CharacterEncodingFilter.doFilterInternal(CharacterEncodingFilter.java:201)
	at org.springframework.web.filter.OncePerRequestFilter.doFilter(OncePerRequestFilter.java:116)
	at org.apache.catalina.core.ApplicationFilterChain.internalDoFilter(ApplicationFilterChain.java:164)
	at org.apache.catalina.core.ApplicationFilterChain.doFilter(ApplicationFilterChain.java:140)
	at org.apache.catalina.core.StandardWrapperValve.invoke(StandardWrapperValve.java:167)
	at org.apache.catalina.core.StandardContextValve.invoke(StandardContextValve.java:90)
	at org.apache.catalina.authenticator.AuthenticatorBase.invoke(AuthenticatorBase.java:483)
	at org.apache.catalina.core.StandardHostValve.invoke(StandardHostValve.java:116)
	at org.apache.catalina.valves.ErrorReportValve.invoke(ErrorReportValve.java:93)
	at org.apache.catalina.core.StandardEngineValve.invoke(StandardEngineValve.java:74)
	at org.apache.catalina.connector.CoyoteAdapter.service(CoyoteAdapter.java:344)
	at org.apache.coyote.http11.Http11Processor.service(Http11Processor.java:398)
	at org.apache.coyote.AbstractProcessorLight.process(AbstractProcessorLight.java:63)
	at org.apache.coyote.AbstractProtocol$ConnectionHandler.process(AbstractProtocol.java:903)
	at org.apache.tomcat.util.net.NioEndpoint$SocketProcessor.doRun(NioEndpoint.java:1776)
	at org.apache.tomcat.util.net.SocketProcessorBase.run(SocketProcessorBase.java:52)
	at org.apache.tomcat.util.threads.ThreadPoolExecutor.runWorker(ThreadPoolExecutor.java:975)
	at org.apache.tomcat.util.threads.ThreadPoolExecutor$Worker.run(ThreadPoolExecutor.java:493)
	at org.apache.tomcat.util.threads.TaskThread$WrappingRunnable.run(TaskThread.java:63)
	at java.base/java.lang.Thread.run(Thread.java:840)
2025-12-05 14:47:58 WARN  [http-nio-0.0.0.0-8080-exec-1] user=lairespsoares@gmail.com - Resolved [java.lang.RuntimeException: com.google.genai.errors.ClientException: 400 Bad Request. API key expired. Please renew the API key.]
2025-12-05 14:48:43 INFO  [SpringApplicationShutdownHook] user= - Commencing graceful shutdown. Waiting for active requests to complete
2025-12-05 14:48:43 INFO  [tomcat-shutdown] user= - Graceful shutdown complete
2025-12-05 14:48:43 INFO  [SpringApplicationShutdownHook] user= - Closing JPA EntityManagerFactory for persistence unit 'default'
2025-12-05 14:48:45 INFO  [restartedMain] user= - Starting AppApplication using Java 17.0.17 with PID 9967 (/Users/lairespereira/Documents/Faculdade/P5/Klelver/quizz-app-backend/target/classes started by lairespereira in /Users/lairespereira/Documents/Faculdade/P5/Klelver/quizz-app-backend)
2025-12-05 14:48:45 INFO  [restartedMain] user= - No active profile set, falling back to 1 default profile: "default"
2025-12-05 14:48:45 INFO  [restartedMain] user= - Devtools property defaults active! Set 'spring.devtools.add-properties' to 'false' to disable
2025-12-05 14:48:45 INFO  [restartedMain] user= - For additional web related logging consider setting the 'logging.level.web' property to 'DEBUG'
2025-12-05 14:48:46 INFO  [restartedMain] user= - Bootstrapping Spring Data JPA repositories in DEFAULT mode.
2025-12-05 14:48:46 INFO  [restartedMain] user= - Finished Spring Data repository scanning in 23 ms. Found 5 JPA repository interfaces.
2025-12-05 14:48:46 INFO  [restartedMain] user= - Tomcat initialized with port 8080 (http)
2025-12-05 14:48:46 INFO  [restartedMain] user= - Root WebApplicationContext: initialization completed in 662 ms
2025-12-05 14:48:46 INFO  [restartedMain] user= - No LoadTimeWeaver setup: ignoring JPA class transformer
2025-12-05 14:48:53 INFO  [restartedMain] user= - Initialized JPA EntityManagerFactory for persistence unit 'default'
2025-12-05 14:48:53 INFO  [restartedMain] user= - Global AuthenticationManager configured with UserDetailsService bean with name authorizationService
2025-12-05 14:48:53 INFO  [restartedMain] user= - Hibernate is in classpath; If applicable, HQL parser will be used.
2025-12-05 14:48:53 WARN  [restartedMain] user= - spring.jpa.open-in-view is enabled by default. Therefore, database queries may be performed during view rendering. Explicitly configure spring.jpa.open-in-view to disable this warning
2025-12-05 14:48:53 INFO  [restartedMain] user= - LiveReload server is running on port 35729
2025-12-05 14:48:53 INFO  [restartedMain] user= - Tomcat started on port 8080 (http) with context path '/'
2025-12-05 14:48:53 INFO  [restartedMain] user= - Started AppApplication in 8.159 seconds (process running for 8.384)
2025-12-05 14:49:05 INFO  [http-nio-0.0.0.0-8080-exec-1] user= - Initializing Servlet 'dispatcherServlet'
2025-12-05 14:49:05 INFO  [http-nio-0.0.0.0-8080-exec-1] user= - Completed initialization in 9 ms
